Performing C SOURCE FILE Test CMAKE_HAVE_LIBC_PTHREAD failed with the following output:
Change Dir: /tmp/tmp.EOQTpyeBN6/cmake-build-debug-remote-host/CMakeFiles/CMakeTmp

Run Build Command(s):/usr/bin/make -f Makefile cmTC_193c6/fast && /usr/bin/make  -f CMakeFiles/cmTC_193c6.dir/build.make CMakeFiles/cmTC_193c6.dir/build
make[1]: Entering directory '/tmp/tmp.EOQTpyeBN6/cmake-build-debug-remote-host/CMakeFiles/CMakeTmp'
Building C object CMakeFiles/cmTC_193c6.dir/src.c.o
/usr/bin/gcc -DCMAKE_HAVE_LIBC_PTHREAD  -fdiagnostics-color=always -o CMakeFiles/cmTC_193c6.dir/src.c.o -c /tmp/tmp.EOQTpyeBN6/cmake-build-debug-remote-host/CMakeFiles/CMakeTmp/src.c
Linking C executable cmTC_193c6
/home/book/apps/cmake-3.24.0-linux-x86_64/bin/cmake -E cmake_link_script CMakeFiles/cmTC_193c6.dir/link.txt --verbose=1
/usr/bin/gcc CMakeFiles/cmTC_193c6.dir/src.c.o -o cmTC_193c6 
CMakeFiles/cmTC_193c6.dir/src.c.o: In function `main':
src.c:(.text+0x3e): undefined reference to `pthread_create'
src.c:(.text+0x4a): undefined reference to `pthread_detach'
src.c:(.text+0x56): undefined reference to `pthread_cancel'
src.c:(.text+0x67): undefined reference to `pthread_join'
src.c:(.text+0x7b): undefined reference to `pthread_atfork'
collect2: error: ld returned 1 exit status
CMakeFiles/cmTC_193c6.dir/build.make:98: recipe for target 'cmTC_193c6' failed
make[1]: *** [cmTC_193c6] Error 1
make[1]: Leaving directory '/tmp/tmp.EOQTpyeBN6/cmake-build-debug-remote-host/CMakeFiles/CMakeTmp'
Makefile:127: recipe for target 'cmTC_193c6/fast' failed
make: *** [cmTC_193c6/fast] Error 2


Source file was:
#include <pthread.h>

static void* test_func(void* data)
{
  return data;
}

int main(void)
{
  pthread_t thread;
  pthread_create(&thread, NULL, test_func, NULL);
  pthread_detach(thread);
  pthread_cancel(thread);
  pthread_join(thread, NULL);
  pthread_atfork(NULL, NULL, NULL);
  pthread_exit(NULL);

  return 0;
}

